TN:
SF:src/Draft/factory.js
FN:3,createEditDefault
FN:10,createDrawDefault
FN:21,createControlDraw
FNF:3
FNH:3
FNDA:1,createEditDefault
FNDA:1,createDrawDefault
FNDA:1,createControlDraw
DA:4,1
DA:11,1
DA:22,1
DA:31,1
DA:32,0
DA:34,1
DA:35,1
DA:37,1
DA:38,0
DA:40,1
LF:10
LH:8
BRDA:31,0,0,0
BRDA:31,0,1,1
BRDA:34,1,0,1
BRDA:34,1,1,0
BRDA:37,2,0,0
BRDA:37,2,1,1
BRF:6
BRH:3
end_of_record
TN:
SF:src/Draft/index.js
FN:10,(anonymous_0)
FN:13,(anonymous_1)
FN:28,(anonymous_2)
FN:36,(anonymous_3)
FN:37,(anonymous_4)
FN:45,(anonymous_5)
FNF:6
FNH:5
FNDA:1,(anonymous_0)
FNDA:0,(anonymous_1)
FNDA:1,(anonymous_2)
FNDA:1,(anonymous_3)
FNDA:1,(anonymous_4)
FNDA:1,(anonymous_5)
DA:10,1
DA:11,1
DA:13,1
DA:14,0
DA:15,0
DA:16,0
DA:17,0
DA:19,0
DA:20,0
DA:21,0
DA:24,0
DA:25,0
DA:28,1
DA:29,1
DA:30,0
DA:31,0
DA:36,1
DA:37,1
DA:38,1
DA:39,0
DA:40,0
DA:45,1
DA:46,1
DA:49,1
LF:24
LH:11
BRDA:15,0,0,0
BRDA:15,0,1,0
BRDA:19,1,0,0
BRDA:19,1,1,0
BRDA:25,2,0,0
BRDA:25,2,1,0
BRDA:29,3,0,1
BRDA:29,3,1,0
BRDA:38,4,0,0
BRDA:38,4,1,1
BRDA:38,5,0,1
BRDA:38,5,1,0
BRF:12
BRH:3
end_of_record
TN:
SF:test/css.js
FNF:0
FNH:0
DA:1,1
LF:1
LH:1
BRF:0
BRH:0
end_of_record
